proj.android/proguard/seeds.txt
org.cocos2dx.lib.Cocos2dxWebViewHelper
org.cocos2dx.lib.Cocos2dxWebViewHelper: java.lang.String TAG
org.cocos2dx.lib.Cocos2dxWebViewHelper: android.os.Handler sHandler
org.cocos2dx.lib.Cocos2dxWebViewHelper: org.cocos2dx.lib.Cocos2dxActivity sCocos2dxActivity
org.cocos2dx.lib.Cocos2dxWebViewHelper: android.widget.FrameLayout sLayout
org.cocos2dx.lib.Cocos2dxWebViewHelper: android.util.SparseArray webViews
org.cocos2dx.lib.Cocos2dxWebViewHelper: int viewTag
org.cocos2dx.lib.Cocos2dxWebViewHelper: void <clinit>()
org.cocos2dx.lib.Cocos2dxWebViewHelper: Cocos2dxWebViewHelper(android.widget.FrameLayout)
org.cocos2dx.lib.Cocos2dxWebViewHelper: boolean shouldStartLoading(int,java.lang.String)
org.cocos2dx.lib.Cocos2dxWebViewHelper: boolean _shouldStartLoading(int,java.lang.String)
org.cocos2dx.lib.Cocos2dxWebViewHelper: void didFinishLoading(int,java.lang.String)
org.cocos2dx.lib.Cocos2dxWebViewHelper: void _didFinishLoading(int,java.lang.String)
org.cocos2dx.lib.Cocos2dxWebViewHelper: void didFailLoading(int,java.lang.String)
org.cocos2dx.lib.Cocos2dxWebViewHelper: void _didFailLoading(int,java.lang.String)
org.cocos2dx.lib.Cocos2dxWebViewHelper: void onJsCallback(int,java.lang.String)
org.cocos2dx.lib.Cocos2dxWebViewHelper: void _onJsCallback(int,java.lang.String)
org.cocos2dx.lib.Cocos2dxWebViewHelper: int createWebView()
org.cocos2dx.lib.Cocos2dxWebViewHelper: void removeWebView(int)
org.cocos2dx.lib.Cocos2dxWebViewHelper: void setVisible(int,boolean)
org.cocos2dx.lib.Cocos2dxWebViewHelper$1
org.cocos2dx.lib.Cocos2dxWebViewHelper$1: int val$index
org.cocos2dx.lib.Cocos2dxWebViewHelper$1: Cocos2dxWebViewHelper$1(int)
org.cocos2dx.lib.Cocos2dxWebViewHelper$1: void run()
org.cocos2dx.lib.Cocos2dxWebViewHelper$10
org.cocos2dx.lib.Cocos2dxWebViewHelper$10: int val$index
org.cocos2dx.lib.Cocos2dxWebViewHelper$10: Cocos2dxWebViewHelper$10(int)
org.cocos2dx.lib.Cocos2dxWebViewHelper$10: void run()
org.cocos2dx.lib.Cocos2dxWebViewHelper$11
org.cocos2dx.lib.Cocos2dxWebViewHelper$11: int val$index
org.cocos2dx.lib.Cocos2dxWebViewHelper$11: Cocos2dxWebViewHelper$11(int)
org.cocos2dx.lib.Cocos2dxWebViewHelper$11: void run()
org.cocos2dx.lib.Cocos2dxWebViewHelper$12
org.cocos2dx.lib.Cocos2dxWebViewHelper$12: int val$index
org.cocos2dx.lib.Cocos2dxWebViewHelper$12: Cocos2dxWebViewHelper$12(int)
org.cocos2dx.lib.Cocos2dxWebViewHelper$12: java.lang.Boolean call()
org.cocos2dx.lib.Cocos2dxWebViewHelper$12: java.lang.Object call()
org.cocos2dx.lib.Cocos2dxWebViewHelper$13
org.cocos2dx.lib.Cocos2dxWebViewHelper$13: int val$index
org.cocos2dx.lib.Cocos2dxWebViewHelper$13: Cocos2dxWebViewHelper$13(int)
org.cocos2dx.lib.Cocos2dxWebViewHelper$13: java.lang.Boolean call()
org.cocos2dx.lib.Cocos2dxWebViewHelper$13: java.lang.Object call()
org.cocos2dx.lib.Cocos2dxWebViewHelper$14
org.cocos2dx.lib.Cocos2dxWebViewHelper$14: int val$index
org.cocos2dx.lib.Cocos2dxWebViewHelper$14: Cocos2dxWebViewHelper$14(int)
org.cocos2dx.lib.Cocos2dxWebViewHelper$14: void run()
org.cocos2dx.lib.Cocos2dxWebViewHelper$15
org.cocos2dx.lib.Cocos2dxWebViewHelper$15: int val$index
org.cocos2dx.lib.Cocos2dxWebViewHelper$15: Cocos2dxWebViewHelper$15(int)
org.cocos2dx.lib.Cocos2dxWebViewHelper$15: void run()
org.cocos2dx.lib.Cocos2dxWebViewHelper$16
org.cocos2dx.lib.Cocos2dxWebViewHelper$16: int val$index
org.cocos2dx.lib.Cocos2dxWebViewHelper$16: java.lang.String val$js
org.cocos2dx.lib.Cocos2dxWebViewHelper$16: Cocos2dxWebViewHelper$16(int,java.lang.String)
org.cocos2dx.lib.Cocos2dxWebViewHelper$16: void run()
org.cocos2dx.lib.Cocos2dxWebViewHelper$17
org.cocos2dx.lib.Cocos2dxWebViewHelper$17: int val$index
org.cocos2dx.lib.Cocos2dxWebViewHelper$17: boolean val$scalesPageToFit
org.cocos2dx.lib.Cocos2dxWebViewHelper$17: Cocos2dxWebViewHelper$17(int,boolean)
org.cocos2dx.lib.Cocos2dxWebViewHelper$17: void run()