proj.android/proguard/mapping.txt
com.tencent.mm.opensdk.modelmsg.LaunchFromWX -> com.tencent.a.a.e.c:
com.tencent.mm.opensdk.modelmsg.LaunchFromWX$Req -> com.tencent.a.a.e.d:
    java.lang.String messageAction -> c
    java.lang.String messageExt -> d
    java.lang.String lang -> e
    java.lang.String country -> f
    void toBundle(android.os.Bundle) -> a
    void fromBundle(android.os.Bundle) -> b
    int getType() -> a
    boolean checkArgs() -> b
com.tencent.mm.opensdk.modelmsg.SendAuth -> com.tencent.a.a.e.e:
com.tencent.mm.opensdk.modelmsg.SendAuth$Resp -> com.tencent.a.a.e.f:
    java.lang.String code -> e
    java.lang.String state -> f
    java.lang.String url -> g
    java.lang.String lang -> h
    java.lang.String country -> i
    int getType() -> a
    void fromBundle(android.os.Bundle) -> a
com.tencent.mm.opensdk.modelmsg.SendMessageToWX -> com.tencent.a.a.e.g:
com.tencent.mm.opensdk.modelmsg.SendMessageToWX$Req -> com.tencent.a.a.e.h:
    com.tencent.mm.opensdk.modelmsg.WXMediaMessage message -> c
    int scene -> d
    int getType() -> a
    void fromBundle(android.os.Bundle) -> b
    void toBundle(android.os.Bundle) -> a
    boolean checkArgs() -> b
com.tencent.mm.opensdk.modelmsg.SendMessageToWX$Resp -> com.tencent.a.a.e.i:
    int getType() -> a
    void fromBundle(android.os.Bundle) -> a
com.tencent.mm.opensdk.modelmsg.ShowMessageFromWX -> com.tencent.a.a.e.j:
com.tencent.mm.opensdk.modelmsg.ShowMessageFromWX$Req -> com.tencent.a.a.e.k:
    com.tencent.mm.opensdk.modelmsg.WXMediaMessage message -> c
    java.lang.String lang -> d
    java.lang.String country -> e
    int getType() -> a
    void toBundle(android.os.Bundle) -> a
    void fromBundle(android.os.Bundle) -> b
    boolean checkArgs() -> b
com.tencent.mm.opensdk.modelmsg.WXFileObject -> com.tencent.a.a.e.l:
    int contentLengthLimit -> c
    byte[] fileData -> a
    java.lang.String filePath -> b
    void serialize(android.os.Bundle) -> a
    void unserialize(android.os.Bundle) -> b
    int type() -> a
    void setContentLengthLimit$13462e() -> b
    boolean checkArgs() -> c
com.tencent.mm.opensdk.modelmsg.WXImageObject -> com.tencent.a.a.e.m:
    byte[] imageData -> a
    java.lang.String imagePath -> b
    void serialize(android.os.Bundle) -> a
    void unserialize(android.os.Bundle) -> b
    int type() -> a
    boolean checkArgs() -> c
com.tencent.mm.opensdk.modelmsg.WXMediaMessage -> com.tencent.a.a.e.n:
    int sdkVer -> a
    java.lang.String title -> b
    java.lang.String description -> c
    byte[] thumbData -> d
    com.tencent.mm.opensdk.modelmsg.WXMediaMessage$IMediaObject mediaObject -> e
    java.lang.String mediaTagName -> f
    java.lang.String messageAction -> g
    java.lang.String messageExt -> h
    boolean checkArgs() -> a
com.tencent.mm.opensdk.modelmsg.WXMediaMessage$Builder -> com.tencent.a.a.e.o:
    android.os.Bundle toBundle(com.tencent.mm.opensdk.modelmsg.WXMediaMessage) -> a
    com.tencent.mm.opensdk.modelmsg.WXMediaMessage fromBundle(android.os.Bundle) -> a
com.tencent.mm.opensdk.modelmsg.WXMediaMessage$IMediaObject -> com.tencent.a.a.e.p:
    void serialize(android.os.Bundle) -> a
    void unserialize(android.os.Bundle) -> b
    int type() -> a
    boolean checkArgs() -> c
com.tencent.mm.opensdk.modelpay.PayResp -> com.tencent.a.a.f.a:
    java.lang.String prepayId -> e
    java.lang.String returnKey -> f
    java.lang.String extData -> g
    void fromBundle(android.os.Bundle) -> a
    int getType() -> a
com.tencent.mm.opensdk.openapi.IWXAPI -> com.tencent.a.a.g.a:
    boolean registerApp(java.lang.String) -> a
    boolean handleIntent(android.content.Intent,com.tencent.mm.opensdk.openapi.IWXAPIEventHandler) -> a
    boolean sendReq(com.tencent.mm.opensdk.modelbase.BaseReq) -> a
com.tencent.mm.opensdk.openapi.IWXAPIEventHandler -> com.tencent.a.a.g.b:
    void onReq$5c552382() -> a
    void onResp(com.tencent.mm.opensdk.modelbase.BaseResp) -> a