proj.android/proguard/usage.txt
android.support.v4.content.SharedPreferencesCompat$EditorCompat$Helper
android.support.v4.content.WakefulBroadcastReceiver:
    private static final java.lang.String EXTRA_WAKE_LOCK_ID
    81:101:public static android.content.ComponentName startWakefulService(android.content.Context,android.content.Intent)
    113:132:public static boolean completeWakefulIntent(android.content.Intent)
android.support.v4.content.pm.ActivityInfoCompat
android.support.v4.content.res.ResourcesCompat
android.support.v4.content.res.ResourcesCompatApi21
android.support.v4.content.res.ResourcesCompatApi23
android.support.v4.content.res.ResourcesCompatIcsMr1
android.support.v4.content.res.TypedArrayUtils
android.support.v4.database.DatabaseUtilsCompat
android.support.v4.graphics.BitmapCompat
android.support.v4.graphics.BitmapCompat$BaseBitmapImpl
android.support.v4.graphics.BitmapCompat$BitmapImpl
android.support.v4.graphics.BitmapCompat$HcMr1BitmapCompatImpl
android.support.v4.graphics.BitmapCompat$JbMr2BitmapCompatImpl
android.support.v4.graphics.BitmapCompat$KitKatBitmapCompatImpl
android.support.v4.graphics.BitmapCompatHoneycombMr1
android.support.v4.graphics.BitmapCompatJellybeanMR2
android.support.v4.graphics.BitmapCompatKitKat
android.support.v4.graphics.ColorUtils
android.support.v4.graphics.drawable.DrawableCompat
android.support.v4.graphics.drawable.DrawableCompat$BaseDrawableImpl
android.support.v4.graphics.drawable.DrawableCompat$DrawableImpl
android.support.v4.graphics.drawable.DrawableCompat$HoneycombDrawableImpl
android.support.v4.graphics.drawable.DrawableCompat$JellybeanMr1DrawableImpl
android.support.v4.graphics.drawable.DrawableCompat$KitKatDrawableImpl
android.support.v4.graphics.drawable.DrawableCompat$LollipopDrawableImpl
android.support.v4.graphics.drawable.DrawableCompat$LollipopMr1DrawableImpl
android.support.v4.graphics.drawable.DrawableCompat$MDrawableImpl
android.support.v4.graphics.drawable.DrawableCompatApi22
android.support.v4.graphics.drawable.DrawableCompatApi23
android.support.v4.graphics.drawable.DrawableCompatBase
android.support.v4.graphics.drawable.DrawableCompatHoneycomb
android.support.v4.graphics.drawable.DrawableCompatJellybeanMr1
android.support.v4.graphics.drawable.DrawableCompatKitKat
android.support.v4.graphics.drawable.DrawableCompatLollipop
android.support.v4.graphics.drawable.DrawableWrapper
android.support.v4.graphics.drawable.DrawableWrapperDonut
android.support.v4.graphics.drawable.DrawableWrapperHoneycomb
android.support.v4.graphics.drawable.DrawableWrapperKitKat
android.support.v4.graphics.drawable.DrawableWrapperLollipop
android.support.v4.graphics.drawable.RoundedBitmapDrawable
android.support.v4.graphics.drawable.RoundedBitmapDrawable21
android.support.v4.graphics.drawable.RoundedBitmapDrawableFactory
android.support.v4.graphics.drawable.RoundedBitmapDrawableFactory$DefaultRoundedBitmapDrawable
android.support.v4.hardware.display.DisplayManagerCompat
android.support.v4.hardware.display.DisplayManagerCompat$JellybeanMr1Impl
android.support.v4.hardware.display.DisplayManagerCompat$LegacyImpl
android.support.v4.hardware.display.DisplayManagerJellybeanMr1
android.support.v4.hardware.fingerprint.FingerprintManagerCompat
android.support.v4.hardware.fingerprint.FingerprintManagerCompat$Api23FingerprintManagerCompatImpl
android.support.v4.hardware.fingerprint.FingerprintManagerCompat$Api23FingerprintManagerCompatImpl$1
android.support.v4.hardware.fingerprint.FingerprintManagerCompat$AuthenticationCallback
android.support.v4.hardware.fingerprint.FingerprintManagerCompat$AuthenticationResult
android.support.v4.hardware.fingerprint.FingerprintManagerCompat$CryptoObject
android.support.v4.hardware.fingerprint.FingerprintManagerCompat$FingerprintManagerCompatImpl
android.support.v4.hardware.fingerprint.FingerprintManagerCompat$LegacyFingerprintManagerCompatImpl
android.support.v4.hardware.fingerprint.FingerprintManagerCompatApi23